<?xml version="1.0" encoding="UTF-8"?>
<!-- Generated by org.testng.reporters.JUnitXMLReporter -->
<testsuite ignored="1" hostname="BT1704430" failures="0" tests="2" name="Test" time="55.521" errors="0" timestamp="2024-10-25T20:26:00 IST">
  <testcase classname="testcases.LoginTest" name="Login" time="10.474"/>
  <testcase classname="testcases.Search_AddToCart" name="SearchAndAddToCart" time="44.971"/>
  <testcase classname="base.BaseTest" name="@BeforeSuite SetUp" time="0.0">
    <ignored/>
  </testcase> <!-- @BeforeSuite SetUp -->
</testsuite> <!-- Test -->
