<?xml version="1.0" encoding="UTF-8"?>
<testng-results ignored="0" total="2" passed="2" failed="0" skipped="0">
  <reporter-output>
  </reporter-output>
  <suite started-at="2024-10-25T20:25:05 IST" name="Suite" finished-at="2024-10-25T20:26:00 IST" duration-ms="55521">
    <groups>
    </groups>
    <test started-at="2024-10-25T20:25:05 IST" name="Test" finished-at="2024-10-25T20:26:00 IST" duration-ms="55521">
      <class name="testcases.LoginTest">
        <test-method is-config="true" signature="SetUp()[pri:0, instance:testcases.LoginTest@17f9d882]" started-at="2024-10-25T20:24:56 IST" name="SetUp" finished-at="2024-10-25T20:25:05 IST" duration-ms="9103" status="PASS">
          <reporter-output>
          </reporter-output>
        </test-method> <!-- SetUp -->
        <test-method signature="Login()[pri:0, instance:testcases.LoginTest@17f9d882]" started-at="2024-10-25T20:25:05 IST" name="Login" finished-at="2024-10-25T20:25:15 IST" duration-ms="10474" status="PASS">
          <reporter-output>
          </reporter-output>
        </test-method> <!-- Login -->
      </class> <!-- testcases.LoginTest -->
      <class name="testcases.Search_AddToCart">
        <test-method signature="SearchAndAddToCart()[pri:0, instance:testcases.Search_AddToCart@1349883]" started-at="2024-10-25T20:25:15 IST" name="SearchAndAddToCart" finished-at="2024-10-25T20:26:00 IST" duration-ms="44971" status="PASS">
          <reporter-output>
          </reporter-output>
        </test-method> <!-- SearchAndAddToCart -->
      </class> <!-- testcases.Search_AddToCart -->
    </test> <!-- Test -->
  </suite> <!-- Suite -->
</testng-results>
